###############################################################
#  Generated by:      Cadence Innovus 21.18-s099_1
#  OS:                Linux x86_64(Host ID ecs02.poly.edu)
#  Generated on:      Wed Apr 22 22:01:39 2026
#  Design:            soc_top
#  Command:           report_timing -late -unconstrained -max_paths 20 -path_type full -view $view > [file join $sta_root unconstrained.rpt]
###############################################################
Path 1:Endpoint:   u_cordic_accel/u_cordic_ctrl/u_core_atan2/z_pipe_reg_6__5_/CDN (v) 
(unconstrained output)
Beginpoint: rst_n                                                          (v) 
triggered by  leading edge of 'clk'
Arrival Time                    1.995
Analysis View: view_typ
     + Input Delay                        2.000
     + Drive Adjustment                  -0.005
     = Beginpoint Arrival Time            1.995
     +--------------------------------------------------------------------------------------------------+ 
     |                      Instance                      |   Arc   |      Cell       | Delay | Arrival | 
     |                                                    |         |                 |       |  Time   | 
     |----------------------------------------------------+---------+-----------------+-------+---------| 
     |                                                    | rst_n v |                 |       |   1.995 | 
     | u_cordic_accel/u_cordic_ctrl/u_core_atan2/z_pipe_r | CDN v   | DFCNQD1BWP16P90 | 0.000 |   1.995 | 
     | eg_6__5_                                           |         |                 |       |         | 
     +--------------------------------------------------------------------------------------------------+ 
Path 2:Endpoint:   u_cordic_accel/u_cordic_ctrl/u_core_atan2/z_pipe_reg_6__4_/CDN (v) 
(unconstrained output)
Beginpoint: rst_n                                                          (v) 
triggered by  leading edge of 'clk'
Arrival Time                    1.995
Analysis View: view_typ
     + Input Delay                        2.000
     + Drive Adjustment                  -0.005
     = Beginpoint Arrival Time            1.995
     +--------------------------------------------------------------------------------------------------+ 
     |                      Instance                      |   Arc   |      Cell       | Delay | Arrival | 
     |                                                    |         |                 |       |  Time   | 
     |----------------------------------------------------+---------+-----------------+-------+---------| 
     |                                                    | rst_n v |                 |       |   1.995 | 
     | u_cordic_accel/u_cordic_ctrl/u_core_atan2/z_pipe_r | CDN v   | DFCNQD1BWP16P90 | 0.000 |   1.995 | 
     | eg_6__4_                                           |         |                 |       |         | 
     +--------------------------------------------------------------------------------------------------+ 
Path 3:Endpoint:   u_cordic_accel/u_cordic_ctrl/u_core_atan2/z_pipe_reg_6__3_/CDN (v) 
(unconstrained output)
Beginpoint: rst_n                                                          (v) 
triggered by  leading edge of 'clk'
Arrival Time                    1.995
Analysis View: view_typ
     + Input Delay                        2.000
     + Drive Adjustment                  -0.005
     = Beginpoint Arrival Time            1.995
     +--------------------------------------------------------------------------------------------------+ 
     |                      Instance                      |   Arc   |      Cell       | Delay | Arrival | 
     |                                                    |         |                 |       |  Time   | 
     |----------------------------------------------------+---------+-----------------+-------+---------| 
     |                                                    | rst_n v |                 |       |   1.995 | 
     | u_cordic_accel/u_cordic_ctrl/u_core_atan2/z_pipe_r | CDN v   | DFCNQD1BWP16P90 | 0.000 |   1.995 | 
     | eg_6__3_                                           |         |                 |       |         | 
     +--------------------------------------------------------------------------------------------------+ 
Path 4:Endpoint:   u_cordic_accel/u_cordic_ctrl/u_core_atan2/z_pipe_reg_6__2_/CDN (v) 
(unconstrained output)
Beginpoint: rst_n                                                          (v) 
triggered by  leading edge of 'clk'
Arrival Time                    1.995
Analysis View: view_typ
     + Input Delay                        2.000
     + Drive Adjustment                  -0.005
     = Beginpoint Arrival Time            1.995
     +--------------------------------------------------------------------------------------------------+ 
     |                      Instance                      |   Arc   |      Cell       | Delay | Arrival | 
     |                                                    |         |                 |       |  Time   | 
     |----------------------------------------------------+---------+-----------------+-------+---------| 
     |                                                    | rst_n v |                 |       |   1.995 | 
     | u_cordic_accel/u_cordic_ctrl/u_core_atan2/z_pipe_r | CDN v   | DFCNQD1BWP16P90 | 0.000 |   1.995 | 
     | eg_6__2_                                           |         |                 |       |         | 
     +--------------------------------------------------------------------------------------------------+ 
Path 5:Endpoint:   u_cordic_accel/u_cordic_ctrl/u_core_atan2/z_pipe_reg_6__1_/CDN (v) 
(unconstrained output)
Beginpoint: rst_n                                                          (v) 
triggered by  leading edge of 'clk'
Arrival Time                    1.995
Analysis View: view_typ
     + Input Delay                        2.000
     + Drive Adjustment                  -0.005
     = Beginpoint Arrival Time            1.995
     +--------------------------------------------------------------------------------------------------+ 
     |                      Instance                      |   Arc   |      Cell       | Delay | Arrival | 
     |                                                    |         |                 |       |  Time   | 
     |----------------------------------------------------+---------+-----------------+-------+---------| 
     |                                                    | rst_n v |                 |       |   1.995 | 
     | u_cordic_accel/u_cordic_ctrl/u_core_atan2/z_pipe_r | CDN v   | DFCNQD1BWP16P90 | 0.000 |   1.995 | 
     | eg_6__1_                                           |         |                 |       |         | 
     +--------------------------------------------------------------------------------------------------+ 
Path 6:Endpoint:   u_cordic_accel/u_cordic_ctrl/u_core_atan2/z_pipe_reg_6__0_/CDN (v) 
(unconstrained output)
Beginpoint: rst_n                                                          (v) 
triggered by  leading edge of 'clk'
Arrival Time                    1.995
Analysis View: view_typ
     + Input Delay                        2.000
     + Drive Adjustment                  -0.005
     = Beginpoint Arrival Time            1.995
     +--------------------------------------------------------------------------------------------------+ 
     |                      Instance                      |   Arc   |      Cell       | Delay | Arrival | 
     |                                                    |         |                 |       |  Time   | 
     |----------------------------------------------------+---------+-----------------+-------+---------| 
     |                                                    | rst_n v |                 |       |   1.995 | 
     | u_cordic_accel/u_cordic_ctrl/u_core_atan2/z_pipe_r | CDN v   | DFCNQD1BWP16P90 | 0.000 |   1.995 | 
     | eg_6__0_                                           |         |                 |       |         | 
     +--------------------------------------------------------------------------------------------------+ 
Path 7:Endpoint:   u_cordic_accel/u_cordic_ctrl/u_core_atan2/v_pipe_reg_7_/CDN (v) 
(unconstrained output)
Beginpoint: rst_n                                                       (v) 
triggered by  leading edge of 'clk'
Arrival Time                    1.995
Analysis View: view_typ
     + Input Delay                        2.000
     + Drive Adjustment                  -0.005
     = Beginpoint Arrival Time            1.995
     +--------------------------------------------------------------------------------------------------+ 
     |                      Instance                      |   Arc   |      Cell       | Delay | Arrival | 
     |                                                    |         |                 |       |  Time   | 
     |----------------------------------------------------+---------+-----------------+-------+---------| 
     |                                                    | rst_n v |                 |       |   1.995 | 
     | u_cordic_accel/u_cordic_ctrl/u_core_atan2/v_pipe_r | CDN v   | DFCNQD1BWP16P90 | 0.000 |   1.995 | 
     | eg_7_                                              |         |                 |       |         | 
     +--------------------------------------------------------------------------------------------------+ 
Path 8:Endpoint:   u_cordic_accel/u_cordic_ctrl/u_core_atan2/x_pipe_reg_7__31_/CDN (v) 
(unconstrained output)
Beginpoint: rst_n                                                           (v) 
triggered by  leading edge of 'clk'
Arrival Time                    1.995
Analysis View: view_typ
     + Input Delay                        2.000
     + Drive Adjustment                  -0.005
     = Beginpoint Arrival Time            1.995
     +--------------------------------------------------------------------------------------------------+ 
     |                      Instance                      |   Arc   |      Cell       | Delay | Arrival | 
     |                                                    |         |                 |       |  Time   | 
     |----------------------------------------------------+---------+-----------------+-------+---------| 
     |                                                    | rst_n v |                 |       |   1.995 | 
     | u_cordic_accel/u_cordic_ctrl/u_core_atan2/x_pipe_r | CDN v   | DFCNQD1BWP16P90 | 0.000 |   1.995 | 
     | eg_7__31_                                          |         |                 |       |         | 
     +--------------------------------------------------------------------------------------------------+ 
Path 9:Endpoint:   u_cordic_accel/u_cordic_ctrl/u_core_atan2/x_pipe_reg_7__30_/CDN (v) 
(unconstrained output)
Beginpoint: rst_n                                                           (v) 
triggered by  leading edge of 'clk'
Arrival Time                    1.995
Analysis View: view_typ
     + Input Delay                        2.000
     + Drive Adjustment                  -0.005
     = Beginpoint Arrival Time            1.995
     +--------------------------------------------------------------------------------------------------+ 
     |                      Instance                      |   Arc   |      Cell       | Delay | Arrival | 
     |                                                    |         |                 |       |  Time   | 
     |----------------------------------------------------+---------+-----------------+-------+---------| 
     |                                                    | rst_n v |                 |       |   1.995 | 
     | u_cordic_accel/u_cordic_ctrl/u_core_atan2/x_pipe_r | CDN v   | DFCNQD1BWP16P90 | 0.000 |   1.995 | 
     | eg_7__30_                                          |         |                 |       |         | 
     +--------------------------------------------------------------------------------------------------+ 
Path 10:Endpoint:   u_cordic_accel/u_cordic_ctrl/u_core_atan2/x_pipe_reg_7__29_/CDN (v) 
(unconstrained output)
Beginpoint: rst_n                                                           (v) 
triggered by  leading edge of 'clk'
Arrival Time                    1.995
Analysis View: view_typ
     + Input Delay                        2.000
     + Drive Adjustment                  -0.005
     = Beginpoint Arrival Time            1.995
     +--------------------------------------------------------------------------------------------------+ 
     |                      Instance                      |   Arc   |      Cell       | Delay | Arrival | 
     |                                                    |         |                 |       |  Time   | 
     |----------------------------------------------------+---------+-----------------+-------+---------| 
     |                                                    | rst_n v |                 |       |   1.995 | 
     | u_cordic_accel/u_cordic_ctrl/u_core_atan2/x_pipe_r | CDN v   | DFCNQD1BWP16P90 | 0.000 |   1.995 | 
     | eg_7__29_                                          |         |                 |       |         | 
     +--------------------------------------------------------------------------------------------------+ 
Path 11:Endpoint:   u_cordic_accel/u_cordic_ctrl/u_core_atan2/x_pipe_reg_7__28_/CDN (v) 
(unconstrained output)
Beginpoint: rst_n                                                           (v) 
triggered by  leading edge of 'clk'
Arrival Time                    1.995
Analysis View: view_typ
     + Input Delay                        2.000
     + Drive Adjustment                  -0.005
     = Beginpoint Arrival Time            1.995
     +--------------------------------------------------------------------------------------------------+ 
     |                      Instance                      |   Arc   |      Cell       | Delay | Arrival | 
     |                                                    |         |                 |       |  Time   | 
     |----------------------------------------------------+---------+-----------------+-------+---------| 
     |                                                    | rst_n v |                 |       |   1.995 | 
     | u_cordic_accel/u_cordic_ctrl/u_core_atan2/x_pipe_r | CDN v   | DFCNQD1BWP16P90 | 0.000 |   1.995 | 
     | eg_7__28_                                          |         |                 |       |         | 
     +--------------------------------------------------------------------------------------------------+ 
Path 12:Endpoint:   u_cordic_accel/u_cordic_ctrl/u_core_atan2/x_pipe_reg_7__26_/CDN (v) 
(unconstrained output)
Beginpoint: rst_n                                                           (v) 
triggered by  leading edge of 'clk'
Arrival Time                    1.995
Analysis View: view_typ
     + Input Delay                        2.000
     + Drive Adjustment                  -0.005
     = Beginpoint Arrival Time            1.995
     +--------------------------------------------------------------------------------------------------+ 
     |                      Instance                      |   Arc   |      Cell       | Delay | Arrival | 
     |                                                    |         |                 |       |  Time   | 
     |----------------------------------------------------+---------+-----------------+-------+---------| 
     |                                                    | rst_n v |                 |       |   1.995 | 
     | u_cordic_accel/u_cordic_ctrl/u_core_atan2/x_pipe_r | CDN v   | DFCNQD1BWP16P90 | 0.000 |   1.995 | 
     | eg_7__26_                                          |         |                 |       |         | 
     +--------------------------------------------------------------------------------------------------+ 
Path 13:Endpoint:   u_cordic_accel/u_cordic_ctrl/u_core_atan2/x_pipe_reg_7__25_/CDN (v) 
(unconstrained output)
Beginpoint: rst_n                                                           (v) 
triggered by  leading edge of 'clk'
Arrival Time                    1.995
Analysis View: view_typ
     + Input Delay                        2.000
     + Drive Adjustment                  -0.005
     = Beginpoint Arrival Time            1.995
     +--------------------------------------------------------------------------------------------------+ 
     |                      Instance                      |   Arc   |      Cell       | Delay | Arrival | 
     |                                                    |         |                 |       |  Time   | 
     |----------------------------------------------------+---------+-----------------+-------+---------| 
     |                                                    | rst_n v |                 |       |   1.995 | 
     | u_cordic_accel/u_cordic_ctrl/u_core_atan2/x_pipe_r | CDN v   | DFCNQD1BWP16P90 | 0.000 |   1.995 | 
     | eg_7__25_                                          |         |                 |       |         | 
     +--------------------------------------------------------------------------------------------------+ 
Path 14:Endpoint:   u_cordic_accel/u_cordic_ctrl/u_core_atan2/x_pipe_reg_7__24_/CDN (v) 
(unconstrained output)
Beginpoint: rst_n                                                           (v) 
triggered by  leading edge of 'clk'
Arrival Time                    1.995
Analysis View: view_typ
     + Input Delay                        2.000
     + Drive Adjustment                  -0.005
     = Beginpoint Arrival Time            1.995
     +--------------------------------------------------------------------------------------------------+ 
     |                      Instance                      |   Arc   |      Cell       | Delay | Arrival | 
     |                                                    |         |                 |       |  Time   | 
     |----------------------------------------------------+---------+-----------------+-------+---------| 
     |                                                    | rst_n v |                 |       |   1.995 | 
     | u_cordic_accel/u_cordic_ctrl/u_core_atan2/x_pipe_r | CDN v   | DFCNQD1BWP16P90 | 0.000 |   1.995 | 
     | eg_7__24_                                          |         |                 |       |         | 
     +--------------------------------------------------------------------------------------------------+ 
Path 15:Endpoint:   u_cordic_accel/u_cordic_ctrl/u_core_atan2/x_pipe_reg_7__23_/CDN (v) 
(unconstrained output)
Beginpoint: rst_n                                                           (v) 
triggered by  leading edge of 'clk'
Arrival Time                    1.995
Analysis View: view_typ
     + Input Delay                        2.000
     + Drive Adjustment                  -0.005
     = Beginpoint Arrival Time            1.995
     +--------------------------------------------------------------------------------------------------+ 
     |                      Instance                      |   Arc   |      Cell       | Delay | Arrival | 
     |                                                    |         |                 |       |  Time   | 
     |----------------------------------------------------+---------+-----------------+-------+---------| 
     |                                                    | rst_n v |                 |       |   1.995 | 
     | u_cordic_accel/u_cordic_ctrl/u_core_atan2/x_pipe_r | CDN v   | DFCNQD1BWP16P90 | 0.000 |   1.995 | 
     | eg_7__23_                                          |         |                 |       |         | 
     +--------------------------------------------------------------------------------------------------+ 
Path 16:Endpoint:   u_cordic_accel/u_cordic_ctrl/u_core_atan2/x_pipe_reg_7__22_/CDN (v) 
(unconstrained output)
Beginpoint: rst_n                                                           (v) 
triggered by  leading edge of 'clk'
Arrival Time                    1.995
Analysis View: view_typ
     + Input Delay                        2.000
     + Drive Adjustment                  -0.005
     = Beginpoint Arrival Time            1.995
     +--------------------------------------------------------------------------------------------------+ 
     |                      Instance                      |   Arc   |      Cell       | Delay | Arrival | 
     |                                                    |         |                 |       |  Time   | 
     |----------------------------------------------------+---------+-----------------+-------+---------| 
     |                                                    | rst_n v |                 |       |   1.995 | 
     | u_cordic_accel/u_cordic_ctrl/u_core_atan2/x_pipe_r | CDN v   | DFCNQD1BWP16P90 | 0.000 |   1.995 | 
     | eg_7__22_                                          |         |                 |       |         | 
     +--------------------------------------------------------------------------------------------------+ 
Path 17:Endpoint:   u_cordic_accel/u_cordic_ctrl/u_core_atan2/x_pipe_reg_7__21_/CDN (v) 
(unconstrained output)
Beginpoint: rst_n                                                           (v) 
triggered by  leading edge of 'clk'
Arrival Time                    1.995
Analysis View: view_typ
     + Input Delay                        2.000
     + Drive Adjustment                  -0.005
     = Beginpoint Arrival Time            1.995
     +--------------------------------------------------------------------------------------------------+ 
     |                      Instance                      |   Arc   |      Cell       | Delay | Arrival | 
     |                                                    |         |                 |       |  Time   | 
     |----------------------------------------------------+---------+-----------------+-------+---------| 
     |                                                    | rst_n v |                 |       |   1.995 | 
     | u_cordic_accel/u_cordic_ctrl/u_core_atan2/x_pipe_r | CDN v   | DFCNQD1BWP16P90 | 0.000 |   1.995 | 
     | eg_7__21_                                          |         |                 |       |         | 
     +--------------------------------------------------------------------------------------------------+ 
Path 18:Endpoint:   u_cordic_accel/u_cordic_ctrl/u_core_atan2/x_pipe_reg_7__20_/CDN (v) 
(unconstrained output)
Beginpoint: rst_n                                                           (v) 
triggered by  leading edge of 'clk'
Arrival Time                    1.995
Analysis View: view_typ
     + Input Delay                        2.000
     + Drive Adjustment                  -0.005
     = Beginpoint Arrival Time            1.995
     +--------------------------------------------------------------------------------------------------+ 
     |                      Instance                      |   Arc   |      Cell       | Delay | Arrival | 
     |                                                    |         |                 |       |  Time   | 
     |----------------------------------------------------+---------+-----------------+-------+---------| 
     |                                                    | rst_n v |                 |       |   1.995 | 
     | u_cordic_accel/u_cordic_ctrl/u_core_atan2/x_pipe_r | CDN v   | DFCNQD1BWP16P90 | 0.000 |   1.995 | 
     | eg_7__20_                                          |         |                 |       |         | 
     +--------------------------------------------------------------------------------------------------+ 
Path 19:Endpoint:   u_cordic_accel/u_cordic_ctrl/u_core_atan2/x_pipe_reg_7__19_/CDN (v) 
(unconstrained output)
Beginpoint: rst_n                                                           (v) 
triggered by  leading edge of 'clk'
Arrival Time                    1.995
Analysis View: view_typ
     + Input Delay                        2.000
     + Drive Adjustment                  -0.005
     = Beginpoint Arrival Time            1.995
     +--------------------------------------------------------------------------------------------------+ 
     |                      Instance                      |   Arc   |      Cell       | Delay | Arrival | 
     |                                                    |         |                 |       |  Time   | 
     |----------------------------------------------------+---------+-----------------+-------+---------| 
     |                                                    | rst_n v |                 |       |   1.995 | 
     | u_cordic_accel/u_cordic_ctrl/u_core_atan2/x_pipe_r | CDN v   | DFCNQD1BWP16P90 | 0.000 |   1.995 | 
     | eg_7__19_                                          |         |                 |       |         | 
     +--------------------------------------------------------------------------------------------------+ 
Path 20:Endpoint:   u_cordic_accel/u_cordic_ctrl/u_core_atan2/x_pipe_reg_7__18_/CDN (v) 
(unconstrained output)
Beginpoint: rst_n                                                           (v) 
triggered by  leading edge of 'clk'
Arrival Time                    1.995
Analysis View: view_typ
     + Input Delay                        2.000
     + Drive Adjustment                  -0.005
     = Beginpoint Arrival Time            1.995
     +--------------------------------------------------------------------------------------------------+ 
     |                      Instance                      |   Arc   |      Cell       | Delay | Arrival | 
     |                                                    |         |                 |       |  Time   | 
     |----------------------------------------------------+---------+-----------------+-------+---------| 
     |                                                    | rst_n v |                 |       |   1.995 | 
     | u_cordic_accel/u_cordic_ctrl/u_core_atan2/x_pipe_r | CDN v   | DFCNQD1BWP16P90 | 0.000 |   1.995 | 
     | eg_7__18_                                          |         |                 |       |         | 
     +--------------------------------------------------------------------------------------------------+ 

