****************************************
Report : clock_skew
Design : soc_top
Version: T-2022.03-SP5-1
Date   : Wed Apr 22 22:18:43 2026
****************************************

              Min Rise  Min Fall  Max Rise  Max Fall     Hold          Setup        Related
Object          Delay     Delay     Delay     Delay   Uncertainty   Uncertainty      Clock
-----------------------------------------------------------------------------------------------
clk              0.00      0.00      0.00      0.00      0.00          0.10           -- 

****************************************
Report : clock
Design : soc_top
Version: T-2022.03-SP5-1
Date   : Wed Apr 22 22:18:43 2026
****************************************

Attributes:
    p - Propagated clock
    G - Generated  clock
    I - Inactive   clock

Clock             Period          Waveform            Attrs     Sources
-----------------------------------------------------------------------
clk                10.00          {0 5}                         {clk}

1
