****************************************
Report : constraint
	-all_violators
	-max_transition
Design : soc_top
Version: T-2022.03-SP5-1
Date   : Wed Apr 22 22:18:43 2026
****************************************


   max_transition

                             Required        Actual
   Pin                      Transition     Transition        Slack
   -----------------------------------------------------------------
   u_cpu/genblk1_pcpi_mul/U1669/A1
                                0.40           1.01          -0.61  (VIOLATED)
   u_cpu/genblk1_pcpi_mul/U1670/A2
                                0.40           1.01          -0.61  (VIOLATED)
   u_cpu/genblk1_pcpi_mul/U1652/A1
                                0.40           1.01          -0.61  (VIOLATED)
   u_cpu/genblk1_pcpi_mul/U1657/A2
                                0.40           1.01          -0.61  (VIOLATED)
   u_cpu/genblk1_pcpi_mul/U1666/A2
                                0.40           1.01          -0.61  (VIOLATED)
   u_cpu/genblk1_pcpi_mul/U1641/A2
                                0.40           1.01          -0.61  (VIOLATED)
   u_cpu/genblk1_pcpi_mul/U1653/A2
                                0.40           1.01          -0.61  (VIOLATED)
   u_cpu/genblk1_pcpi_mul/U1729/A1
                                0.40           1.01          -0.61  (VIOLATED)
   u_cpu/genblk1_pcpi_mul/U1656/A1
                                0.40           1.01          -0.61  (VIOLATED)
   u_cpu/genblk1_pcpi_mul/U1665/A1
                                0.40           1.01          -0.61  (VIOLATED)
   u_cpu/genblk1_pcpi_mul/U1640/A1
                                0.40           1.01          -0.61  (VIOLATED)
   u_cpu/genblk1_pcpi_mul/U1661/A1
                                0.40           1.01          -0.61  (VIOLATED)
   u_cpu/genblk1_pcpi_mul/U1730/A2
                                0.40           1.01          -0.61  (VIOLATED)
   u_cpu/genblk1_pcpi_mul/U1744/A2
                                0.40           1.01          -0.61  (VIOLATED)
   u_cpu/genblk1_pcpi_mul/U1713/A1
                                0.40           1.01          -0.61  (VIOLATED)
   u_cpu/genblk1_pcpi_mul/U1753/A1
                                0.40           1.01          -0.61  (VIOLATED)
   u_cpu/genblk1_pcpi_mul/U1733/A1
                                0.40           1.01          -0.61  (VIOLATED)
   u_cpu/genblk1_pcpi_mul/U1754/A2
                                0.40           1.01          -0.61  (VIOLATED)
   u_cpu/genblk1_pcpi_mul/U1766/A2
                                0.40           1.01          -0.61  (VIOLATED)
   u_cpu/genblk1_pcpi_mul/U1746/A2
                                0.40           1.01          -0.61  (VIOLATED)
   u_cpu/genblk1_pcpi_mul/U1771/B2
                                0.40           1.01          -0.61  (VIOLATED)
   u_cpu/genblk1_pcpi_mul/U1750/A2
                                0.40           1.01          -0.61  (VIOLATED)
   u_cpu/genblk1_pcpi_mul/U1748/A2
                                0.40           1.01          -0.61  (VIOLATED)
   u_cpu/genblk1_pcpi_mul/U1706/A2
                                0.40           1.01          -0.61  (VIOLATED)
   u_cpu/genblk1_pcpi_mul/U1700/A2
                                0.40           1.01          -0.61  (VIOLATED)
   u_cpu/genblk1_pcpi_mul/U1756/A2
                                0.40           1.01          -0.61  (VIOLATED)
   u_cpu/genblk1_pcpi_mul/U1728/A2
                                0.40           1.01          -0.61  (VIOLATED)
   u_cpu/genblk1_pcpi_mul/U1679/A1
                                0.40           1.01          -0.61  (VIOLATED)
   u_cpu/genblk1_pcpi_mul/U1673/A1
                                0.40           1.01          -0.61  (VIOLATED)
   u_cpu/genblk1_pcpi_mul/U1760/A2
                                0.40           1.01          -0.61  (VIOLATED)
   u_cpu/genblk1_pcpi_mul/U1732/A2
                                0.40           1.01          -0.61  (VIOLATED)
   u_cpu/genblk1_pcpi_mul/U1660/A2
                                0.40           1.01          -0.61  (VIOLATED)
   u_cpu/genblk1_pcpi_mul/U1714/A2
                                0.40           1.01          -0.61  (VIOLATED)
   u_cpu/genblk1_pcpi_mul/U1642/A1
                                0.40           1.01          -0.61  (VIOLATED)
   u_cpu/genblk1_pcpi_mul/U1762/A2
                                0.40           1.01          -0.61  (VIOLATED)
   u_cpu/genblk1_pcpi_mul/U1734/A2
                                0.40           1.01          -0.61  (VIOLATED)
   u_cpu/genblk1_pcpi_mul/U1758/A2
                                0.40           1.01          -0.61  (VIOLATED)
   u_cpu/genblk1_pcpi_mul/U1686/A2
                                0.40           1.01          -0.61  (VIOLATED)
   u_cpu/genblk1_pcpi_mul/U1648/A1
                                0.40           1.01          -0.61  (VIOLATED)
   u_cpu/genblk1_pcpi_mul/U1719/A1
                                0.40           1.01          -0.61  (VIOLATED)
   u_cpu/genblk1_pcpi_mul/U1650/A1
                                0.40           1.01          -0.61  (VIOLATED)
   u_cpu/genblk1_pcpi_mul/U1654/A1
                                0.40           1.01          -0.61  (VIOLATED)
   u_cpu/genblk1_pcpi_mul/U1721/A1
                                0.40           1.01          -0.61  (VIOLATED)
   u_cpu/genblk1_pcpi_mul/U1692/A2
                                0.40           1.01          -0.61  (VIOLATED)
   u_cpu/genblk1_pcpi_mul/U1680/A2
                                0.40           1.01          -0.61  (VIOLATED)
   u_cpu/genblk1_pcpi_mul/U1740/A2
                                0.40           1.01          -0.61  (VIOLATED)
   u_cpu/genblk1_pcpi_mul/U1722/A2
                                0.40           1.01          -0.61  (VIOLATED)
   u_cpu/genblk1_pcpi_mul/U1707/A1
                                0.40           1.01          -0.61  (VIOLATED)
   u_cpu/genblk1_pcpi_mul/U1708/A2
                                0.40           1.01          -0.61  (VIOLATED)
   u_cpu/genblk1_pcpi_mul/U1720/A2
                                0.40           1.01          -0.61  (VIOLATED)
   u_cpu/genblk1_pcpi_mul/U1662/A2
                                0.40           1.01          -0.61  (VIOLATED)
   u_cpu/genblk1_pcpi_mul/U1676/A2
                                0.40           1.01          -0.61  (VIOLATED)
   u_cpu/genblk1_pcpi_mul/U1703/A1
                                0.40           1.01          -0.61  (VIOLATED)
   u_cpu/genblk1_pcpi_mul/U1715/A1
                                0.40           1.01          -0.61  (VIOLATED)
   u_cpu/genblk1_pcpi_mul/U1765/A1
                                0.40           1.01          -0.61  (VIOLATED)
   u_cpu/genblk1_pcpi_mul/U1646/A1
                                0.40           1.01          -0.61  (VIOLATED)
   u_cpu/genblk1_pcpi_mul/U1716/A2
                                0.40           1.01          -0.61  (VIOLATED)
   u_cpu/genblk1_pcpi_mul/U1675/A1
                                0.40           1.01          -0.61  (VIOLATED)
   u_cpu/genblk1_pcpi_mul/U1747/A1
                                0.40           1.01          -0.61  (VIOLATED)
   u_cpu/genblk1_pcpi_mul/U1704/A2
                                0.40           1.01          -0.61  (VIOLATED)
   u_cpu/genblk1_pcpi_mul/U1736/A2
                                0.40           1.01          -0.61  (VIOLATED)
   u_cpu/genblk1_pcpi_mul/U1672/A2
                                0.40           1.01          -0.61  (VIOLATED)
   u_cpu/genblk1_pcpi_mul/U1698/A2
                                0.40           1.01          -0.61  (VIOLATED)
   u_cpu/genblk1_pcpi_mul/U1696/A2
                                0.40           1.01          -0.61  (VIOLATED)
   u_cpu/genblk1_pcpi_mul/U1664/A2
                                0.40           1.01          -0.61  (VIOLATED)
   u_cpu/genblk1_pcpi_mul/U1742/A2
                                0.40           1.01          -0.61  (VIOLATED)
   u_cpu/genblk1_pcpi_mul/U1735/A1
                                0.40           1.01          -0.61  (VIOLATED)
   u_cpu/genblk1_pcpi_mul/U1671/A1
                                0.40           1.01          -0.61  (VIOLATED)
   u_cpu/genblk1_pcpi_mul/U1645/A2
                                0.40           1.01          -0.61  (VIOLATED)
   u_cpu/genblk1_pcpi_mul/U1741/A1
                                0.40           1.01          -0.61  (VIOLATED)
   u_cpu/genblk1_pcpi_mul/U1768/B2
                                0.40           1.01          -0.61  (VIOLATED)
   u_cpu/genblk1_pcpi_mul/U1644/A1
                                0.40           1.01          -0.61  (VIOLATED)
   u_cpu/genblk1_pcpi_mul/U1674/A2
                                0.40           1.01          -0.61  (VIOLATED)
   u_cpu/genblk1_pcpi_mul/U1727/A1
                                0.40           1.01          -0.61  (VIOLATED)
   u_cpu/genblk1_pcpi_mul/U1651/A2
                                0.40           1.01          -0.61  (VIOLATED)
   u_cpu/genblk1_pcpi_mul/U1767/A1
                                0.40           1.01          -0.61  (VIOLATED)
   u_cpu/genblk1_pcpi_mul/U1655/A2
                                0.40           1.01          -0.61  (VIOLATED)
   u_cpu/genblk1_pcpi_mul/U1643/A2
                                0.40           1.01          -0.61  (VIOLATED)
   u_cpu/genblk1_pcpi_mul/U1663/A1
                                0.40           1.01          -0.61  (VIOLATED)
   u_cpu/genblk1_pcpi_mul/U1743/A1
                                0.40           1.01          -0.61  (VIOLATED)
   u_cpu/genblk1_pcpi_mul/U1745/A1
                                0.40           1.01          -0.61  (VIOLATED)
   u_cpu/genblk1_pcpi_mul/U1749/A1
                                0.40           1.01          -0.61  (VIOLATED)
   u_cpu/genblk1_pcpi_mul/U1678/A2
                                0.40           1.01          -0.61  (VIOLATED)
   u_cpu/genblk1_pcpi_mul/U1649/A2
                                0.40           1.01          -0.61  (VIOLATED)
   u_cpu/genblk1_pcpi_mul/U1647/A2
                                0.40           1.01          -0.61  (VIOLATED)
   u_cpu/genblk1_pcpi_mul/U1677/A1
                                0.40           1.01          -0.61  (VIOLATED)
   u_cpu/genblk1_pcpi_mul/U1695/A1
                                0.40           1.01          -0.61  (VIOLATED)
   u_cpu/genblk1_pcpi_mul/U1755/A1
                                0.40           1.01          -0.61  (VIOLATED)
   u_cpu/genblk1_pcpi_mul/U1697/A1
                                0.40           1.01          -0.61  (VIOLATED)
   u_cpu/genblk1_pcpi_mul/U1731/A1
                                0.40           1.01          -0.61  (VIOLATED)
   u_cpu/genblk1_pcpi_mul/U1659/A1
                                0.40           1.01          -0.61  (VIOLATED)
   u_cpu/genblk1_pcpi_mul/U1699/A1
                                0.40           1.00          -0.61  (VIOLATED)
   u_cpu/genblk1_pcpi_mul/U1687/A1
                                0.40           1.00          -0.61  (VIOLATED)
   u_cpu/genblk1_pcpi_mul/U1709/A1
                                0.40           1.00          -0.61  (VIOLATED)
   u_cpu/genblk1_pcpi_mul/U1764/A2
                                0.40           1.00          -0.61  (VIOLATED)
   u_cpu/genblk1_pcpi_mul/U1705/A1
                                0.40           1.00          -0.61  (VIOLATED)
   u_cpu/genblk1_pcpi_mul/U1738/A2
                                0.40           1.00          -0.61  (VIOLATED)
   u_cpu/genblk1_pcpi_mul/U1724/A2
                                0.40           1.00          -0.61  (VIOLATED)
   u_cpu/genblk1_pcpi_mul/U1712/A2
                                0.40           1.00          -0.61  (VIOLATED)
   u_cpu/genblk1_pcpi_mul/U1682/A2
                                0.40           1.00          -0.61  (VIOLATED)
   u_cpu/genblk1_pcpi_mul/U1702/A2
                                0.40           1.00          -0.61  (VIOLATED)
   u_cpu/genblk1_pcpi_mul/U1710/A2
                                0.40           1.00          -0.61  (VIOLATED)
   u_cpu/genblk1_pcpi_mul/U1763/A1
                                0.40           1.00          -0.61  (VIOLATED)
   u_cpu/genblk1_pcpi_mul/U1688/A2
                                0.40           1.00          -0.61  (VIOLATED)
   u_cpu/genblk1_pcpi_mul/U1751/A1
                                0.40           1.00          -0.61  (VIOLATED)
   u_cpu/genblk1_pcpi_mul/U1752/A2
                                0.40           1.00          -0.61  (VIOLATED)
   u_cpu/genblk1_pcpi_mul/U1726/A2
                                0.40           1.00          -0.61  (VIOLATED)
   u_cpu/genblk1_pcpi_mul/U1725/A1
                                0.40           1.00          -0.61  (VIOLATED)
   u_cpu/genblk1_pcpi_mul/U1723/A1
                                0.40           1.00          -0.61  (VIOLATED)
   u_cpu/genblk1_pcpi_mul/U1759/A1
                                0.40           1.00          -0.61  (VIOLATED)
   u_cpu/genblk1_pcpi_mul/U1737/A1
                                0.40           1.00          -0.61  (VIOLATED)
   u_cpu/genblk1_pcpi_mul/U1689/A1
                                0.40           1.00          -0.61  (VIOLATED)
   u_cpu/genblk1_pcpi_mul/U1711/A1
                                0.40           1.00          -0.61  (VIOLATED)
   u_cpu/genblk1_pcpi_mul/U1683/A1
                                0.40           1.00          -0.61  (VIOLATED)
   u_cpu/genblk1_pcpi_mul/U1684/A2
                                0.40           1.00          -0.61  (VIOLATED)
   u_cpu/genblk1_pcpi_mul/U1690/A2
                                0.40           1.00          -0.61  (VIOLATED)
   u_cpu/genblk1_pcpi_mul/U1681/A1
                                0.40           1.00          -0.61  (VIOLATED)
   u_cpu/genblk1_pcpi_mul/U1701/A1
                                0.40           1.00          -0.61  (VIOLATED)
   u_cpu/genblk1_pcpi_mul/U1638/A1
                                0.40           1.00          -0.61  (VIOLATED)
   u_cpu/genblk1_pcpi_mul/U1639/A2
                                0.40           1.00          -0.61  (VIOLATED)
   u_cpu/genblk1_pcpi_mul/U1693/A1
                                0.40           1.00          -0.61  (VIOLATED)
   u_cpu/genblk1_pcpi_mul/U1694/A2
                                0.40           1.00          -0.61  (VIOLATED)
   u_cpu/genblk1_pcpi_mul/U1717/A1
                                0.40           1.00          -0.61  (VIOLATED)
   u_cpu/genblk1_pcpi_mul/U1718/A2
                                0.40           1.00          -0.61  (VIOLATED)
   u_cpu/genblk1_pcpi_mul/U1685/A1
                                0.40           1.00          -0.61  (VIOLATED)
   u_cpu/genblk1_pcpi_mul/U1667/A1
                                0.40           1.00          -0.61  (VIOLATED)
   u_cpu/genblk1_pcpi_mul/U1668/A2
                                0.40           1.00          -0.61  (VIOLATED)
   u_cpu/genblk1_pcpi_mul/U1691/A1
                                0.40           1.00          -0.61  (VIOLATED)
   u_cpu/genblk1_pcpi_mul/U1757/A1
                                0.40           1.00          -0.61  (VIOLATED)
   u_cpu/genblk1_pcpi_mul/U1761/A1
                                0.40           1.00          -0.61  (VIOLATED)
   u_cpu/genblk1_pcpi_mul/U1739/A1
                                0.40           1.00          -0.61  (VIOLATED)
   u_cpu/genblk1_pcpi_mul/active_reg_0_/D
                                0.40           1.00          -0.60  (VIOLATED)
   u_cpu/genblk1_pcpi_mul/U1637/ZN
                                0.40           1.00          -0.60  (VIOLATED)
   u_cpu/genblk1_pcpi_mul/U640/A2
                                0.40           0.44          -0.04  (VIOLATED)
   u_cpu/genblk1_pcpi_mul/U636/A2
                                0.40           0.44          -0.04  (VIOLATED)
   u_cpu/genblk1_pcpi_mul/U632/A2
                                0.40           0.44          -0.04  (VIOLATED)
   u_cpu/genblk1_pcpi_mul/U745/A2
                                0.40           0.44          -0.04  (VIOLATED)
   u_cpu/genblk1_pcpi_mul/U628/A2
                                0.40           0.44          -0.04  (VIOLATED)
   u_cpu/genblk1_pcpi_mul/U624/A2
                                0.40           0.44          -0.04  (VIOLATED)
   u_cpu/genblk1_pcpi_mul/U620/A2
                                0.40           0.44          -0.04  (VIOLATED)
   u_cpu/genblk1_pcpi_mul/U616/A2
                                0.40           0.44          -0.04  (VIOLATED)
   u_cpu/genblk1_pcpi_mul/U612/A2
                                0.40           0.44          -0.04  (VIOLATED)
   u_cpu/genblk1_pcpi_mul/U608/A2
                                0.40           0.44          -0.04  (VIOLATED)
   u_cpu/genblk1_pcpi_mul/U749/A2
                                0.40           0.44          -0.04  (VIOLATED)
   u_cpu/genblk1_pcpi_mul/U604/A2
                                0.40           0.44          -0.04  (VIOLATED)
   u_cpu/genblk1_pcpi_mul/U600/A2
                                0.40           0.44          -0.04  (VIOLATED)
   u_cpu/genblk1_pcpi_mul/U596/A2
                                0.40           0.44          -0.04  (VIOLATED)
   u_cpu/genblk1_pcpi_mul/U762/A2
                                0.40           0.44          -0.04  (VIOLATED)
   u_cpu/genblk1_pcpi_mul/U592/A2
                                0.40           0.44          -0.04  (VIOLATED)
   u_cpu/genblk1_pcpi_mul/U588/A2
                                0.40           0.44          -0.04  (VIOLATED)
   u_cpu/genblk1_pcpi_mul/U584/A2
                                0.40           0.44          -0.04  (VIOLATED)
   u_cpu/genblk1_pcpi_mul/U580/A2
                                0.40           0.44          -0.04  (VIOLATED)
   u_cpu/genblk1_pcpi_mul/U576/A2
                                0.40           0.44          -0.04  (VIOLATED)
   u_cpu/genblk1_pcpi_mul/U766/A2
                                0.40           0.44          -0.04  (VIOLATED)
   u_cpu/genblk1_pcpi_mul/U962/A2
                                0.40           0.44          -0.04  (VIOLATED)
   u_cpu/genblk1_pcpi_mul/U777/A2
                                0.40           0.44          -0.04  (VIOLATED)
   u_cpu/genblk1_pcpi_mul/U978/A2
                                0.40           0.44          -0.04  (VIOLATED)
   u_cpu/genblk1_pcpi_mul/U993/A1
                                0.40           0.44          -0.04  (VIOLATED)
   u_cpu/genblk1_pcpi_mul/U990/A1
                                0.40           0.44          -0.04  (VIOLATED)
   u_cpu/genblk1_pcpi_mul/U1461/A1
                                0.40           0.44          -0.04  (VIOLATED)
   u_cpu/genblk1_pcpi_mul/U531/A1
                                0.40           0.43          -0.04  (VIOLATED)
   u_cpu/genblk1_pcpi_mul/U1785/A1
                                0.40           0.43          -0.04  (VIOLATED)
   u_cpu/genblk1_pcpi_mul/U539/A1
                                0.40           0.43          -0.04  (VIOLATED)
   u_cpu/genblk1_pcpi_mul/U564/A1
                                0.40           0.43          -0.04  (VIOLATED)
   u_cpu/genblk1_pcpi_mul/U568/A2
                                0.40           0.43          -0.04  (VIOLATED)
   u_cpu/genblk1_pcpi_mul/U572/A2
                                0.40           0.43          -0.04  (VIOLATED)
   u_cpu/genblk1_pcpi_mul/U525/ZN
                                0.40           0.43          -0.04  (VIOLATED)
   u_cpu/U5315/B2               0.40           0.40          -0.01  (VIOLATED)
   u_cpu/U5316/B2               0.40           0.40          -0.01  (VIOLATED)
   u_cpu/U5316/A1               0.40           0.40          -0.01  (VIOLATED)
   u_cpu/U569/A2                0.40           0.40          -0.01  (VIOLATED)
   u_cpu/U5317/A2               0.40           0.40          -0.01  (VIOLATED)
   u_cpu/U567/A2                0.40           0.40          -0.01  (VIOLATED)
   u_cpu/U3461/B2               0.40           0.40          -0.01  (VIOLATED)
   u_cpu/U212/A1                0.40           0.40          -0.01  (VIOLATED)
   u_cpu/U3468/A2               0.40           0.40          -0.01  (VIOLATED)
   u_cpu/U217/A1                0.40           0.40          -0.01  (VIOLATED)
   u_cpu/U219/A1                0.40           0.40          -0.01  (VIOLATED)
   u_cpu/U3451/B2               0.40           0.40          -0.01  (VIOLATED)
   u_cpu/U211/I                 0.40           0.40          -0.01  (VIOLATED)
   u_cpu/U3450/B2               0.40           0.40          -0.01  (VIOLATED)
   u_cpu/U3463/B2               0.40           0.40          -0.01  (VIOLATED)
   u_cpu/U487/A1                0.40           0.40          -0.01  (VIOLATED)
   u_cpu/U3462/B2               0.40           0.40          -0.01  (VIOLATED)
   u_cpu/U3441/A1               0.40           0.40          -0.01  (VIOLATED)
   u_cpu/U3440/A1               0.40           0.40          -0.01  (VIOLATED)
   u_cpu/U3465/A2               0.40           0.40          -0.01  (VIOLATED)
   u_cpu/U5314/B1               0.40           0.40          -0.01  (VIOLATED)
   u_cpu/U5311/B1               0.40           0.40          -0.01  (VIOLATED)
   u_cpu/U5309/B1               0.40           0.40          -0.01  (VIOLATED)
   u_cpu/U5318/A2               0.40           0.40          -0.01  (VIOLATED)
   u_cpu/U5319/A2               0.40           0.40          -0.01  (VIOLATED)
   u_cpu/U5310/B1               0.40           0.40          -0.01  (VIOLATED)
   u_cpu/U5313/B1               0.40           0.40          -0.01  (VIOLATED)
   u_cpu/U5312/B1               0.40           0.40          -0.01  (VIOLATED)
   u_cpu/U3467/A2               0.40           0.40          -0.01  (VIOLATED)
   u_cpu/U5324/B1               0.40           0.40          -0.01  (VIOLATED)
   u_cpu/U265/A1                0.40           0.40          -0.01  (VIOLATED)
   u_cpu/U5320/B1               0.40           0.40          -0.01  (VIOLATED)
   u_cpu/U5322/B1               0.40           0.40          -0.01  (VIOLATED)
   u_cpu/U5323/B1               0.40           0.40          -0.01  (VIOLATED)
   u_cpu/U5321/B1               0.40           0.40          -0.01  (VIOLATED)
   u_cpu/U3444/A1               0.40           0.40          -0.01  (VIOLATED)
   u_cpu/U3445/A1               0.40           0.40          -0.01  (VIOLATED)
   u_cpu/U3442/A1               0.40           0.40          -0.01  (VIOLATED)
   u_cpu/U3443/A1               0.40           0.40          -0.01  (VIOLATED)
   u_cpu/U461/A1                0.40           0.40          -0.01  (VIOLATED)
   u_cpu/U475/A1                0.40           0.40          -0.01  (VIOLATED)
   u_cpu/U465/A1                0.40           0.40          -0.01  (VIOLATED)
   u_cpu/U261/A1                0.40           0.40          -0.01  (VIOLATED)
   u_cpu/U252/A1                0.40           0.40          -0.01  (VIOLATED)
   u_cpu/U249/A1                0.40           0.40          -0.01  (VIOLATED)
   u_cpu/U255/A1                0.40           0.40          -0.01  (VIOLATED)
   u_cpu/U258/A1                0.40           0.40          -0.01  (VIOLATED)
   u_cpu/U277/A1                0.40           0.40          -0.01  (VIOLATED)
   u_cpu/U269/A1                0.40           0.40          -0.01  (VIOLATED)
   u_cpu/U273/A1                0.40           0.40          -0.01  (VIOLATED)
   u_cpu/U469/A1                0.40           0.40          -0.01  (VIOLATED)
   u_cpu/U459/A1                0.40           0.40          -0.01  (VIOLATED)
   u_cpu/U457/A1                0.40           0.40          -0.01  (VIOLATED)
   u_cpu/U232/A2                0.40           0.40          -0.01  (VIOLATED)
   u_cpu/U228/B1                0.40           0.40          -0.01  (VIOLATED)
   u_cpu/U3449/A2               0.40           0.40          -0.01  (VIOLATED)
   u_cpu/U3448/A1               0.40           0.40          -0.01  (VIOLATED)
   u_cpu/U235/A1                0.40           0.40           0.00  (VIOLATED: increase significant digits)
   u_cpu/U477/A1                0.40           0.40           0.00  (VIOLATED: increase significant digits)
   u_cpu/U236/A1                0.40           0.40           0.00  (VIOLATED: increase significant digits)
   u_cpu/U467/A1                0.40           0.40           0.00  (VIOLATED: increase significant digits)
   u_cpu/U3578/A1               0.40           0.40           0.00  (VIOLATED: increase significant digits)
   u_cpu/U3586/A1               0.40           0.40           0.00  (VIOLATED: increase significant digits)
   u_cpu/U3582/A1               0.40           0.40           0.00  (VIOLATED: increase significant digits)
   u_cpu/U3590/A1               0.40           0.40           0.00  (VIOLATED: increase significant digits)
   u_cpu/U3574/A1               0.40           0.40           0.00  (VIOLATED: increase significant digits)
   u_cpu/U244/A1                0.40           0.40           0.00  (VIOLATED: increase significant digits)
   u_cpu/U240/A1                0.40           0.40           0.00  (VIOLATED: increase significant digits)
   u_cpu/U238/A1                0.40           0.40           0.00  (VIOLATED: increase significant digits)
   u_cpu/U463/A1                0.40           0.40           0.00  (VIOLATED: increase significant digits)
   u_cpu/U473/A1                0.40           0.40           0.00  (VIOLATED: increase significant digits)
   u_cpu/U471/A1                0.40           0.40           0.00  (VIOLATED: increase significant digits)
   u_cpu/U479/A1                0.40           0.40           0.00  (VIOLATED: increase significant digits)
   u_cpu/U246/A1                0.40           0.40           0.00  (VIOLATED: increase significant digits)
   u_cpu/U206/ZN                0.40           0.40           0.00  (VIOLATED: increase significant digits)


1
