Error: Library Compiler executable path is not set. (PT-063)

                                 PrimeTime (R)

              Version T-2022.03-SP5-1 for linux64 - Mar 28, 2023 

                    Copyright (c) 1988 - 2023 Synopsys, Inc.
   This software and the associated documentation are proprietary to Synopsys,
 Inc. This software may only be used in accordance with the terms and conditions
 of a written license agreement with Synopsys, Inc. All other use, reproduction,
   or distribution of this software is strictly prohibited.  Licensed Products
     communicate with Synopsys servers for the purpose of providing software
    updates, detecting software piracy and verifying that customers are using
    Licensed Products in conformity with the applicable License Key for such
  Licensed Products. Synopsys will use information gathered in connection with
    this process to deliver software updates and pursue software pirates and
                                   infringers.

 Inclusivity & Diversity - Visit SolvNetPlus to read the "Synopsys Statement on
            Inclusivity and Diversity" (Refer to article 000036315 at
                        https://solvnetplus.synopsys.com)
set out_dir   "/home/fy2243/soc_design/sta/currentrtl_latchfix_20260422_r5_web_hold/primetime_funcmode_holdunc0"
/home/fy2243/soc_design/sta/currentrtl_latchfix_20260422_r5_web_hold/primetime_funcmode_holdunc0
set in_dir    "/home/fy2243/soc_design/sta/currentrtl_latchfix_20260422_r5_web_hold/innovus"
/home/fy2243/soc_design/sta/currentrtl_latchfix_20260422_r5_web_hold/innovus
set design    "soc_top"
soc_top
set netlist   "soc_top_postroute_latchfix_r5_web_hold.v"
soc_top_postroute_latchfix_r5_web_hold.v
set spef      "soc_top_postroute_latchfix_r5_web_hold.spef"
soc_top_postroute_latchfix_r5_web_hold.spef
set std_db    "/ip/tsmc/tsmc16adfp/source/DAFP0203001_2_X/Executable_Package/Collaterals/IP/stdcell/N16ADFP_StdCell/NLDM/N16ADFP_StdCelltt0p8v25c.db"
/ip/tsmc/tsmc16adfp/source/DAFP0203001_2_X/Executable_Package/Collaterals/IP/stdcell/N16ADFP_StdCell/NLDM/N16ADFP_StdCelltt0p8v25c.db
set sram_db   "/ip/tsmc/tsmc16adfp/source/DAFP0203001_2_X/Executable_Package/Collaterals/IP/sram/N16ADFP_SRAM/NLDM/N16ADFP_SRAM_tt0p8v0p8v25c_100a.db"
/ip/tsmc/tsmc16adfp/source/DAFP0203001_2_X/Executable_Package/Collaterals/IP/sram/N16ADFP_SRAM/NLDM/N16ADFP_SRAM_tt0p8v0p8v25c_100a.db
set synlibdir "/eda/synopsys/syn/W-2024.09-SP5-5/libraries/syn"
/eda/synopsys/syn/W-2024.09-SP5-5/libraries/syn
file mkdir $out_dir
set_app_var search_path [list \
    /home/fy2243/soc_design \
    /home/fy2243/soc_design/rtl \
    $in_dir \
    $synlibdir \
]
/home/fy2243/soc_design /home/fy2243/soc_design/rtl /home/fy2243/soc_design/sta/currentrtl_latchfix_20260422_r5_web_hold/innovus /eda/synopsys/syn/W-2024.09-SP5-5/libraries/syn
set_app_var target_library [list $std_db $sram_db]
/ip/tsmc/tsmc16adfp/source/DAFP0203001_2_X/Executable_Package/Collaterals/IP/stdcell/N16ADFP_StdCell/NLDM/N16ADFP_StdCelltt0p8v25c.db /ip/tsmc/tsmc16adfp/source/DAFP0203001_2_X/Executable_Package/Collaterals/IP/sram/N16ADFP_SRAM/NLDM/N16ADFP_SRAM_tt0p8v0p8v25c_100a.db
set synthetic_library "dw_foundation.sldb"
dw_foundation.sldb
set_app_var link_library [concat "* " $target_library $synthetic_library]
* /ip/tsmc/tsmc16adfp/source/DAFP0203001_2_X/Executable_Package/Collaterals/IP/stdcell/N16ADFP_StdCell/NLDM/N16ADFP_StdCelltt0p8v25c.db /ip/tsmc/tsmc16adfp/source/DAFP0203001_2_X/Executable_Package/Collaterals/IP/sram/N16ADFP_SRAM/NLDM/N16ADFP_SRAM_tt0p8v0p8v25c_100a.db dw_foundation.sldb
read_verilog [file join $in_dir $netlist]
1
current_design $design
Information: current_design won't return any data before link (DES-071)
link
Loading verilog file '/home/fy2243/soc_design/sta/currentrtl_latchfix_20260422_r5_web_hold/innovus/soc_top_postroute_latchfix_r5_web_hold.v'
Loading db file '/ip/tsmc/tsmc16adfp/source/DAFP0203001_2_X/Executable_Package/Collaterals/IP/stdcell/N16ADFP_StdCell/NLDM/N16ADFP_StdCelltt0p8v25c.db'
Loading db file '/ip/tsmc/tsmc16adfp/source/DAFP0203001_2_X/Executable_Package/Collaterals/IP/sram/N16ADFP_SRAM/NLDM/N16ADFP_SRAM_tt0p8v0p8v25c_100a.db'
Loading db file '/eda/synopsys/syn/W-2024.09-SP5-5/libraries/syn/dw_foundation.sldb'
Linking design soc_top...
Information: Removing 13 unneeded designs..... (LNK-034)
Information: 1392 (94.05%) library cells are unused in library N16ADFP_StdCelltt0p8v25c..... (LNK-045)
Information: 9 (90.00%) library cells are unused in library N16ADFP_SRAM_tt0p8v0p8v25c..... (LNK-045)
Information: 369 (100.00%) library cells are unused in library dw_foundation.sldb..... (LNK-045)
Information: total 1770 library cells are unused (LNK-046)
Design 'soc_top' was successfully linked.
Information: There are 19910 leaf cells, ports, hiers and 26919 nets in the design (LNK-047)
1
source /home/fy2243/soc_design/pd/innovus_axi_uartcordic_currentrtl_20260416_r1/with_sram_postdrc.enc.dat/mmmc/modes/mode_func/mode_func.sdc
1
1
set_clock_uncertainty -setup 0.100 [get_clocks {clk}]
1
set_clock_uncertainty -hold  0.000 [get_clocks {clk}]
1
set_case_analysis 1 [get_ports rst_n]
1
set clock_reset_ports [get_ports {clk rst_n}]
{"clk", "rst_n"}
if {[sizeof_collection $clock_reset_ports] > 0} {
    set_driving_cell -lib_cell INVD1BWP16P90 $clock_reset_ports
}
1
set in_ports [remove_from_collection [all_inputs] [get_ports {clk rst_n}]]
{"uart_rx"}
if {[sizeof_collection $in_ports] > 0} {
    set_driving_cell -lib_cell INVD1BWP16P90 $in_ports
}
1
set_app_var timing_remove_clock_reconvergence_pessimism true
true
read_parasitics [file join $in_dir $spef]
Information: Log for 'read_parasitics command' will be generated in 'parasitics_command.log'. (PARA-107)
1
update_timing
Information: Using automatic max wire load selection group 'WireAreaForZero'. (ENV-003)
Information: Using automatic min wire load selection group 'WireAreaForZero'. (ENV-003)
Information: Building multi voltage information for entire design. (MV-022)
Warning: Some timing arcs have been disabled for breaking timing loops or because of constant propagation. Use the 'report_disable_timing' command to get the list of these disabled timing arcs. (PTE-003)
Warning: The drive-resistance for the timing arc (N16ADFP_StdCelltt0p8v25c/BUFFD12BWP16P90LVT) CTS_ccl_buf_00071/I-->Z (min rising & falling positive_unate) is much less than the network impedance to ground; PrimeTime has adjusted the drive-resistance to improve accuracy. (RC-009)
Warning: The drive-resistance for the timing arc (N16ADFP_StdCelltt0p8v25c/BUFFD12BWP16P90LVT) CTS_ccl_buf_00071/I-->Z (max rising & falling positive_unate) is much less than the network impedance to ground; PrimeTime has adjusted the drive-resistance to improve accuracy. (RC-009)
Warning: The drive-resistance for the timing arc (N16ADFP_StdCelltt0p8v25c/CKBD8BWP16P90LVT) CTS_ccl_a_buf_00067/I-->Z (min rising & falling positive_unate) is much less than the network impedance to ground; PrimeTime has adjusted the drive-resistance to improve accuracy. (RC-009)
Warning: The drive-resistance for the timing arc (N16ADFP_StdCelltt0p8v25c/CKBD8BWP16P90LVT) CTS_ccl_a_buf_00067/I-->Z (max rising & falling positive_unate) is much less than the network impedance to ground; PrimeTime has adjusted the drive-resistance to improve accuracy. (RC-009)
1
check_timing > [file join $out_dir check_timing.rpt]
check_timing -verbose > [file join $out_dir check_timing_verbose.rpt]
report_analysis_coverage > [file join $out_dir analysis_coverage.rpt]
report_qor > [file join $out_dir qor.rpt]
report_clock -skew -attribute > [file join $out_dir clock_report.rpt]
report_global_timing > [file join $out_dir global_timing.rpt]
report_constraint -all_violators > [file join $out_dir constraint_violators.rpt]
report_constraint -max_transition -all_violators > [file join $out_dir constraint_max_transition.rpt]
report_constraint -max_capacitance -all_violators > [file join $out_dir constraint_max_capacitance.rpt]
report_timing -delay_type max -max_paths 20 -path_type full_clock_expanded -nets -transition_time -capacitance > [file join $out_dir setup_worst20.rpt]
report_timing -delay_type min -max_paths 50 -path_type full_clock_expanded -nets -transition_time -capacitance > [file join $out_dir hold_worst50.rpt]
proc calc_summary {delay_type} {
    set worst_path [get_timing_paths -delay_type $delay_type -max_paths 1]
    set worst_slack [get_attribute $worst_path slack]
    set violating_paths [get_timing_paths -delay_type $delay_type -max_paths 100000 -slack_lesser_than 0.0]
    set tns 0.0
    set count 0
    foreach_in_collection path $violating_paths {
        set tns [expr {$tns + [get_attribute $path slack]}]
        incr count
    }
    return [list $worst_slack $tns $count]
}
set setup_summary [calc_summary max]
7.333536 0.0 0
set hold_summary  [calc_summary min]
0.008797 0.0 0
set fp [open [file join $out_dir summary.txt] w]
file35
puts $fp "PrimeTime functional-mode STA summary"
puts $fp "design=$design"
puts $fp "source_checkpoint=/home/fy2243/soc_design/pd/latchfix_20260422_r5_web_hold/postfill_web_hold_r5.enc.dat"
puts $fp "netlist=[file join $in_dir $netlist]"
puts $fp "spef=[file join $in_dir $spef]"
puts $fp "cppr_enabled=true"
puts $fp "rst_n_case_analysis=1"
puts $fp "input_drive_for_clock_reset=INVD1BWP16P90"
puts $fp "input_drive_for_non_clock_non_reset=INVD1BWP16P90"
puts $fp "setup_clock_uncertainty=0.100"
puts $fp "hold_clock_uncertainty=0.000"
puts $fp "setup_wns=[lindex $setup_summary 0]"
puts $fp "setup_tns=[lindex $setup_summary 1]"
puts $fp "setup_violating_paths=[lindex $setup_summary 2]"
puts $fp "hold_wns=[lindex $hold_summary 0]"
puts $fp "hold_tns=[lindex $hold_summary 1]"
puts $fp "hold_violating_paths=[lindex $hold_summary 2]"
close $fp
exit
Information: Defining new variable 'in_dir'. (CMD-041)
Information: Defining new variable 'sram_db'. (CMD-041)
Information: Defining new variable 'design'. (CMD-041)
Information: Defining new variable 'fp'. (CMD-041)
Information: Defining new variable 'out_dir'. (CMD-041)
Information: Defining new variable 'netlist'. (CMD-041)
Information: Defining new variable 'std_db'. (CMD-041)
Information: Defining new variable 'in_ports'. (CMD-041)
Information: Defining new variable 'hold_summary'. (CMD-041)
Information: Defining new variable 'clock_reset_ports'. (CMD-041)
Information: Defining new variable 'setup_summary'. (CMD-041)
Information: Defining new variable 'synlibdir'. (CMD-041)
Information: Defining new variable 'synthetic_library'. (CMD-041)
Information: Defining new variable 'spef'. (CMD-041)

Timing updates: 1 (0 implicit, 1 explicit) (0 incremental, 1 full, 0 logical)
Noise updates: 0 (0 implicit, 0 explicit) (0 incremental, 0 full)
Maximum memory usage for this session: 3099.81 MB
CPU usage for this session: 12 seconds 
Elapsed time for this session: 7 seconds
Diagnostics summary: 1 error, 5 warnings, 25 informationals

Thank you for using pt_shell!
